Se inicia la aplicación.
Creación de la ventana de login
Se registran los listeners.
Se inicia la carga de parametros para conectar con la BD.
Recuperación de los datos para la conexión con la BD
Se intenta leer el archivo de propiedades cfg/conexionBD.properties
se cargó exitosamente
Parámetros de conexión: jdbc:mysql://localhost:3306/vuelos?useSSL=false&allowPublicKeyRetrieval=true&serverTimezone=America/Argentina/Buenos_Aires
Se inicializa la ventana de login.
se registra el controlador.
se muestra la ventana.
Intenta ingresar como Empleado con legajo , password 
Recupera el usuario de BD para Empleado para poder conectarse con los permisos de dicho usuario.
Ingresa a recuperar el usuarioBD y passwordBD para acceder a la BD del usuario Empleado
usuario empleado, password empleado
Se crea el modelo Empleado.
Se establece la conexión a la BD.
Se intenta autenticar el legajo  con password 
Empleado  autenticado
Inicializacion de la ventana del Empleado
Se registran los listeners.
Se crea el controlador del Empleado.
Transfiere el control al nuevo controlador
Solicita al DAO un empleado con legajo 1
recupera el empleado que corresponde al legajo 1.
Se registra al empleado ApEmp9, NomEmp9 con legajo 9
muestra la ventana
Recuperar del modelo los destinos posibles
recupera las ciudades que tienen aeropuertos.
informar a la ventana los destinos posibles
Carga los combos de ciudades con las 4 ubicaciones recuperados
Muestra el panel de consulta/reserva de vuelos.
Informa a la vista que puede eliminar la ventana de login.
Eliminación de la ventana de login.
Ejecuta el listener de buscar vuelos disponibles.
Solicita información de vuelos disponibles: esIdaVuelta:false fechaDesde:null fechaHasta:null Origen:Argentina - CABA - Buenos Aires Destino:Argentina - CABA - Buenos Aires.
La ubicación origen es igual a la ubicación destino.
Crea una ventana modal informando sobre el mensaje.
Saliendo de la aplicación.
Se cierra la conexión a la BD.
Se intenta cerrar la conexión activa
Eliminación de la ventana.
Se inicia la aplicación.
Creación de la ventana de login
Se registran los listeners.
Se inicia la carga de parametros para conectar con la BD.
Recuperación de los datos para la conexión con la BD
Se intenta leer el archivo de propiedades cfg/conexionBD.properties
se cargó exitosamente
Parámetros de conexión: jdbc:mysql://localhost:3306/vuelos?useSSL=false&allowPublicKeyRetrieval=true&serverTimezone=America/Argentina/Buenos_Aires
Se inicializa la ventana de login.
se registra el controlador.
se muestra la ventana.
Se inicia la aplicación.
Creación de la ventana de login
Se registran los listeners.
Se inicia la carga de parametros para conectar con la BD.
Recuperación de los datos para la conexión con la BD
Se intenta leer el archivo de propiedades cfg/conexionBD.properties
se cargó exitosamente
Parámetros de conexión: jdbc:mysql://localhost:3306/vuelos?useSSL=false&allowPublicKeyRetrieval=true&serverTimezone=America/Argentina/Buenos_Aires
Se inicializa la ventana de login.
se registra el controlador.
se muestra la ventana.
Se inicia la aplicación.
Creación de la ventana de login
Se registran los listeners.
Se inicia la carga de parametros para conectar con la BD.
Recuperación de los datos para la conexión con la BD
Se intenta leer el archivo de propiedades cfg/conexionBD.properties
se cargó exitosamente
Parámetros de conexión: jdbc:mysql://localhost:3306/vuelos?useSSL=false&allowPublicKeyRetrieval=true&serverTimezone=America/Argentina/Buenos_Aires
Se inicializa la ventana de login.
se registra el controlador.
se muestra la ventana.
Intenta ingresar como Empleado con legajo , password 
Recupera el usuario de BD para Empleado para poder conectarse con los permisos de dicho usuario.
Ingresa a recuperar el usuarioBD y passwordBD para acceder a la BD del usuario Empleado
usuario empleado, password empleado
Se crea el modelo Empleado.
Se establece la conexión a la BD.
Se intenta autenticar el legajo  con password 
Empleado  autenticado
Inicializacion de la ventana del Empleado
Se registran los listeners.
Se crea el controlador del Empleado.
Transfiere el control al nuevo controlador
Solicita al DAO un empleado con legajo 1
recupera el empleado que corresponde al legajo 1.
Se registra al empleado ApEmp9, NomEmp9 con legajo 9
muestra la ventana
Recuperar del modelo los destinos posibles
recupera las ciudades que tienen aeropuertos.
informar a la ventana los destinos posibles
Carga los combos de ciudades con las 4 ubicaciones recuperados
Muestra el panel de consulta/reserva de vuelos.
Informa a la vista que puede eliminar la ventana de login.
Eliminación de la ventana de login.
Ejecuta el listener de buscar vuelos disponibles.
Solicita información de vuelos disponibles: esIdaVuelta:false fechaDesde:null fechaHasta:null Origen:Argentina - CABA - Buenos Aires Destino:Argentina - CABA - Buenos Aires.
La ubicación origen es igual a la ubicación destino.
Crea una ventana modal informando sobre el mensaje.
Ejecuta el listener de buscar vuelos disponibles.
Solicita información de vuelos disponibles: esIdaVuelta:false fechaDesde:null fechaHasta:null Origen:USA - Illinois - Chicago Destino:España - Cataluña - Barcelona.
La fecha desde no debe estar vacía.
Crea una ventana modal informando sobre el mensaje.
Ejecuta el listener de buscar vuelos disponibles.
Solicita información de vuelos disponibles: esIdaVuelta:false fechaDesde:14 fechaHasta:31 Origen:USA - Illinois - Chicago Destino:España - Cataluña - Barcelona.
Se solicita quitar todas las selecciones.
La fecha hasta debe estar vacía.
Crea una ventana modal informando sobre el mensaje.
Ejecuta el listener de buscar vuelos disponibles.
Solicita información de vuelos disponibles: esIdaVuelta:true fechaDesde:14 fechaHasta:31 Origen:USA - Illinois - Chicago Destino:España - Cataluña - Barcelona.
Se solicita quitar todas las selecciones.
Solicita información de vuelos disponibles de ida y vuelta
Recupera la lista de vuelos disponibles para la fecha Fri Oct 14 15:32:22 ART 2022 desde USA - Illinois - Chicago a España - Cataluña - Barcelona.
Recupera la lista de vuelos disponibles para la fecha Mon Oct 31 15:32:24 ART 2022 desde España - Cataluña - Barcelona a USA - Illinois - Chicago.
La cantidad de vuelos ida es 4 y los vuelos de vuelta es 4
Se solicita a la ventana mostrar la información de 4 vuelos para viaje de ida y vuelta
Carga la tabla de IDA.
Carga la tabla de IDA.
debe informar al controlador para que recupere la info del detalle
Solicita detalle del vuelo EZEORD01 con fecha 1969-12-31 para ida y vuelta sobre el vuelo de ida.
Recupera la cantidad de asientos y precio del vuelo EZEORD01 .
Se recuperaron 2 clases para el vuelo EZEORD01
Carga el detalle tabla de detalle de IDA en viaje de Ida y Vuelta.
debe informar al controlador para que recupere la info del detalle
Solicita detalle del vuelo BCNORD01 con fecha 1969-12-31 para ida y vuelta sobre el vuelo de ida.
Recupera la cantidad de asientos y precio del vuelo BCNORD01 .
Se recuperaron 2 clases para el vuelo BCNORD01
Carga el detalle tabla de detalle de IDA en viaje de Ida y Vuelta.
debe informar al controlador para que recupere la info del detalle
Solicita detalle del vuelo BCNEZE01 con fecha 1969-12-31 para ida y vuelta sobre el vuelo de ida.
Recupera la cantidad de asientos y precio del vuelo BCNEZE01 .
Se recuperaron 3 clases para el vuelo BCNEZE01
Carga el detalle tabla de detalle de IDA en viaje de Ida y Vuelta.
debe informar al controlador para que recupere la info del detalle
Solicita detalle del vuelo BCNORD01 con fecha 1969-12-31 para ida y vuelta sobre el vuelo de ida.
Recupera la cantidad de asientos y precio del vuelo BCNORD01 .
Se recuperaron 2 clases para el vuelo BCNORD01
Carga el detalle tabla de detalle de IDA en viaje de Ida y Vuelta.
debe informar al controlador para que recupere la info del detalle
Solicita detalle del vuelo BCNORD01 con fecha 1969-12-31 para ida y vuelta sobre el vuelo de vuelta.
Recupera la cantidad de asientos y precio del vuelo BCNORD01 .
Se recuperaron 2 clases para el vuelo BCNORD01
Carga el detalle tabla de detalle de Vuelta en viaje de Ida y Vuelta.
debe informar al controlador para que recupere la info del detalle
Solicita detalle del vuelo EZEBCN01 con fecha 1969-12-31 para ida y vuelta sobre el vuelo de ida.
Recupera la cantidad de asientos y precio del vuelo EZEBCN01 .
Se recuperaron 3 clases para el vuelo EZEBCN01
Carga el detalle tabla de detalle de IDA en viaje de Ida y Vuelta.
debe informar al controlador para que recupere la info del detalle
Solicita detalle del vuelo BCNORD01 con fecha 1969-12-31 para ida y vuelta sobre el vuelo de ida.
Recupera la cantidad de asientos y precio del vuelo BCNORD01 .
Se recuperaron 2 clases para el vuelo BCNORD01
Carga el detalle tabla de detalle de IDA en viaje de Ida y Vuelta.
Saliendo de la aplicación.
Se cierra la conexión a la BD.
Se intenta cerrar la conexión activa
Eliminación de la ventana.
Se inicia la aplicación.
Creación de la ventana de login
Se registran los listeners.
Se inicia la carga de parametros para conectar con la BD.
Recuperación de los datos para la conexión con la BD
Se intenta leer el archivo de propiedades cfg/conexionBD.properties
se cargó exitosamente
Parámetros de conexión: jdbc:mysql://localhost:3306/vuelos?useSSL=false&allowPublicKeyRetrieval=true&serverTimezone=America/Argentina/Buenos_Aires
Se inicializa la ventana de login.
se registra el controlador.
se muestra la ventana.
Intenta ingresar como Empleado con legajo , password 
Recupera el usuario de BD para Empleado para poder conectarse con los permisos de dicho usuario.
Ingresa a recuperar el usuarioBD y passwordBD para acceder a la BD del usuario Empleado
usuario empleado, password empleado
Se crea el modelo Empleado.
Se establece la conexión a la BD.
Se intenta autenticar el legajo  con password 
Hubo un error en la autenticación.
Crea una ventana modal informando: El usuario o contraseña ingresados son incorrectos..
Se inicia la aplicación.
Creación de la ventana de login
Se registran los listeners.
Se inicia la carga de parametros para conectar con la BD.
Recuperación de los datos para la conexión con la BD
Se intenta leer el archivo de propiedades cfg/conexionBD.properties
se cargó exitosamente
Parámetros de conexión: jdbc:mysql://localhost:3306/vuelos?useSSL=false&allowPublicKeyRetrieval=true&serverTimezone=America/Argentina/Buenos_Aires
Se inicializa la ventana de login.
se registra el controlador.
se muestra la ventana.
Intenta ingresar como Empleado con legajo , password 
Recupera el usuario de BD para Empleado para poder conectarse con los permisos de dicho usuario.
Ingresa a recuperar el usuarioBD y passwordBD para acceder a la BD del usuario Empleado
usuario empleado, password empleado
Se crea el modelo Empleado.
Se establece la conexión a la BD.
Se intenta autenticar el legajo  con password 
Empleado  autenticado
Inicializacion de la ventana del Empleado
Se registran los listeners.
Se crea el controlador del Empleado.
Transfiere el control al nuevo controlador
Solicita al DAO un empleado con legajo 1
recupera el empleado que corresponde al legajo 1.
Se registra al empleado ApEmp9, NomEmp9 con legajo 9
muestra la ventana
Recuperar del modelo los destinos posibles
recupera las ciudades que tienen aeropuertos.
informar a la ventana los destinos posibles
Carga los combos de ciudades con las 4 ubicaciones recuperados
Muestra el panel de consulta/reserva de vuelos.
Informa a la vista que puede eliminar la ventana de login.
Eliminación de la ventana de login.
Saliendo de la aplicación.
Se cierra la conexión a la BD.
Se intenta cerrar la conexión activa
Eliminación de la ventana.
Se inicia la aplicación.
Creación de la ventana de login
Se registran los listeners.
Se inicia la carga de parametros para conectar con la BD.
Recuperación de los datos para la conexión con la BD
Se intenta leer el archivo de propiedades cfg/conexionBD.properties
se cargó exitosamente
Parámetros de conexión: jdbc:mysql://localhost:3306/vuelos?useSSL=false&allowPublicKeyRetrieval=true&serverTimezone=America/Argentina/Buenos_Aires
Se inicializa la ventana de login.
se registra el controlador.
se muestra la ventana.
Intenta ingresar como Empleado con legajo , password 
Recupera el usuario de BD para Empleado para poder conectarse con los permisos de dicho usuario.
Ingresa a recuperar el usuarioBD y passwordBD para acceder a la BD del usuario Empleado
usuario empleado, password empleado
Se crea el modelo Empleado.
Se establece la conexión a la BD.
Se intenta autenticar el legajo  con password 
Empleado  autenticado
Inicializacion de la ventana del Empleado
Se registran los listeners.
Se crea el controlador del Empleado.
Transfiere el control al nuevo controlador
Solicita al DAO un empleado con legajo 1
recupera el empleado que corresponde al legajo 1.
Se registra al empleado ApEmp9, NomEmp9 con legajo 9
muestra la ventana
Recuperar del modelo los destinos posibles
recupera las ciudades que tienen aeropuertos.
informar a la ventana los destinos posibles
Carga los combos de ciudades con las 4 ubicaciones recuperados
Muestra el panel de consulta/reserva de vuelos.
Informa a la vista que puede eliminar la ventana de login.
Eliminación de la ventana de login.
Saliendo de la aplicación.
Se cierra la conexión a la BD.
Se intenta cerrar la conexión activa
Eliminación de la ventana.
Se inicia la aplicación.
Creación de la ventana de login
Se registran los listeners.
Se inicia la carga de parametros para conectar con la BD.
Recuperación de los datos para la conexión con la BD
Se intenta leer el archivo de propiedades cfg/conexionBD.properties
se cargó exitosamente
Parámetros de conexión: jdbc:mysql://localhost:3306/vuelos?useSSL=false&allowPublicKeyRetrieval=true&serverTimezone=America/Argentina/Buenos_Aires
Se inicializa la ventana de login.
se registra el controlador.
se muestra la ventana.
Intenta ingresar como Empleado con legajo , password 
Recupera el usuario de BD para Empleado para poder conectarse con los permisos de dicho usuario.
Ingresa a recuperar el usuarioBD y passwordBD para acceder a la BD del usuario Empleado
usuario empleado, password empleado
Se crea el modelo Empleado.
Se establece la conexión a la BD.
Se intenta autenticar el legajo  con password 
Empleado  autenticado
Inicializacion de la ventana del Empleado
Se registran los listeners.
Se crea el controlador del Empleado.
Transfiere el control al nuevo controlador
Solicita al DAO un empleado con legajo 1
recupera el empleado que corresponde al legajo 1.
Se registra al empleado ApEmp9, NomEmp9 con legajo 9
muestra la ventana
Recuperar del modelo los destinos posibles
recupera las ciudades que tienen aeropuertos.
informar a la ventana los destinos posibles
Carga los combos de ciudades con las 4 ubicaciones recuperados
Muestra el panel de consulta/reserva de vuelos.
Informa a la vista que puede eliminar la ventana de login.
Eliminación de la ventana de login.
Ejecuta el listener de buscar vuelos disponibles.
Solicita información de vuelos disponibles: esIdaVuelta:false fechaDesde:13 fechaHasta:30 Origen:USA - Illinois - Chicago Destino:España - Cataluña - Barcelona.
Se solicita quitar todas las selecciones.
La fecha hasta debe estar vacía.
Crea una ventana modal informando sobre el mensaje.
Ejecuta el listener de buscar vuelos disponibles.
Solicita información de vuelos disponibles: esIdaVuelta:true fechaDesde:13 fechaHasta:30 Origen:USA - Illinois - Chicago Destino:España - Cataluña - Barcelona.
Se solicita quitar todas las selecciones.
Solicita información de vuelos disponibles de ida y vuelta
Recupera la lista de vuelos disponibles para la fecha Thu Oct 13 16:49:25 ART 2022 desde USA - Illinois - Chicago a España - Cataluña - Barcelona.
Recupera la lista de vuelos disponibles para la fecha Sun Oct 30 16:49:27 ART 2022 desde España - Cataluña - Barcelona a USA - Illinois - Chicago.
La cantidad de vuelos ida es 4 y los vuelos de vuelta es 4
Se solicita a la ventana mostrar la información de 4 vuelos para viaje de ida y vuelta
Carga la tabla de IDA.
Carga la tabla de IDA.
Saliendo de la aplicación.
Se cierra la conexión a la BD.
Se intenta cerrar la conexión activa
Eliminación de la ventana.
Se inicia la aplicación.
Creación de la ventana de login
Se registran los listeners.
Se inicia la carga de parametros para conectar con la BD.
Recuperación de los datos para la conexión con la BD
Se intenta leer el archivo de propiedades cfg/conexionBD.properties
se cargó exitosamente
Parámetros de conexión: jdbc:mysql://localhost:3306/vuelos?useSSL=false&allowPublicKeyRetrieval=true&serverTimezone=America/Argentina/Buenos_Aires
Se inicializa la ventana de login.
se registra el controlador.
se muestra la ventana.
Intenta ingresar como Empleado con legajo , password 
Recupera el usuario de BD para Empleado para poder conectarse con los permisos de dicho usuario.
Ingresa a recuperar el usuarioBD y passwordBD para acceder a la BD del usuario Empleado
usuario empleado, password empleado
Se crea el modelo Empleado.
Se establece la conexión a la BD.
Parametros de conexion: url= jdbc:mysql://localhost:3306/vuelos?useSSL=false&allowPublicKeyRetrieval=true&serverTimezone=America/Argentina/Buenos_Aires, user=empleado, pass=empleado
Se establece la conexión con la BD
Se intenta autenticar el legajo  con password 
Empleado  autenticado
Inicializacion de la ventana del Empleado
Se registran los listeners.
Se crea el controlador del Empleado.
Transfiere el control al nuevo controlador
Solicita al DAO un empleado con legajo 1
recupera el empleado que corresponde al legajo 1.
Se registra al empleado ApEmp9, NomEmp9 con legajo 9
muestra la ventana
Recuperar del modelo los destinos posibles
recupera las ciudades que tienen aeropuertos.
informar a la ventana los destinos posibles
Carga los combos de ciudades con las 4 ubicaciones recuperados
Muestra el panel de consulta/reserva de vuelos.
Informa a la vista que puede eliminar la ventana de login.
Eliminación de la ventana de login.
Ejecuta el listener de buscar vuelos disponibles.
Solicita información de vuelos disponibles: esIdaVuelta:false fechaDesde:14 fechaHasta:null Origen:España - Cataluña - Barcelona Destino:USA - Illinois - Chicago.
Se solicita quitar todas las selecciones.
Solicita información de vuelos disponibles de ida
Recupera la lista de vuelos disponibles para la fecha Fri Oct 14 17:11:41 ART 2022 desde España - Cataluña - Barcelona a USA - Illinois - Chicago.
La cantidad de vuelos recuperados es 4 
Se solicita a la ventana mostrar la información de 4 vuelos para viaje de ida
Carga la tabla de IDA.
Saliendo de la aplicación.
Se cierra la conexión a la BD.
Se intenta cerrar la conexión activa
Eliminación de la ventana.
Se inicia la aplicación.
Creación de la ventana de login
Se registran los listeners.
Se inicia la carga de parametros para conectar con la BD.
Recuperación de los datos para la conexión con la BD
Se intenta leer el archivo de propiedades cfg/conexionBD.properties
se cargó exitosamente
Parámetros de conexión: jdbc:mysql://localhost:3306/vuelos?useSSL=false&allowPublicKeyRetrieval=true&serverTimezone=America/Argentina/Buenos_Aires
Se inicializa la ventana de login.
se registra el controlador.
se muestra la ventana.
Intenta ingresar como Empleado con legajo , password 
Recupera el usuario de BD para Empleado para poder conectarse con los permisos de dicho usuario.
Ingresa a recuperar el usuarioBD y passwordBD para acceder a la BD del usuario Empleado
usuario empleado, password empleado
Se crea el modelo Empleado.
Se establece la conexión a la BD.
Parametros de conexion: url= jdbc:mysql://localhost:3306/vuelos?useSSL=false&allowPublicKeyRetrieval=true&serverTimezone=America/Argentina/Buenos_Aires, user=empleado, pass=empleado
Se establece la conexión con la BD
No se pudo conectar a la BD.
Crea una ventana modal informando: Error en la conexión con la BD..
